<?xml version="1.0" encoding="utf-8" standalone="no"?>
<!--This file represents the results of running a test suite-->
<test-results name="C:\FSD\Final Assessment\ProjectManagerService\ProjectManager.Tests\bin\Debug\ProjectManager.Tests.dll" total="51" errors="0" failures="0" not-run="1" inconclusive="0" ignored="1" skipped="0" invalid="0" date="2018-11-13" time="19:01:05">
  <environment nunit-version="2.6.1.12217" clr-version="2.0.50727.8936" os-version="Microsoft Windows NT 6.2.9200.0" platform="Win32NT" cwd="C:\FSD\Final Assessment\ProjectManagerService" machine-name="DOTNET" user="Admin" user-domain="DOTNET" />
  <culture-info current-culture="en-IN" current-uiculture="en-US" />
  <test-suite type="Assembly" name="C:\FSD\Final Assessment\ProjectManagerService\ProjectManager.Tests\bin\Debug\ProjectManager.Tests.dll" executed="True" result="Failure" success="False" time="3.406" asserts="0">
    <results>
      <test-suite type="Namespace" name="ProjectManager" executed="True" result="Failure" success="False" time="3.391" asserts="0">
        <results>
          <test-suite type="Namespace" name="Tests" executed="True" result="Failure" success="False" time="3.391" asserts="0">
            <results>
              <test-suite type="Namespace" name="BusinessLayer" executed="True" result="Success" success="True" time="2.828" asserts="0">
                <results>
                  <test-suite type="TestFixture" name="ProjectManagerMapperTest" executed="True" result="Success" success="True" time="0.297" asserts="0">
                    <results>
                      <test-case name="ProjectManager.Tests.BusinessLayer.ProjectManagerMapperTest.VerifyParentTaskMapperOperations" executed="True" result="Success" success="True" time="0.203" asserts="0" />
                      <test-case name="ProjectManager.Tests.BusinessLayer.ProjectManagerMapperTest.VerifyProjectMapperOperations" executed="True" result="Success" success="True" time="0.031" asserts="0" />
                      <test-case name="ProjectManager.Tests.BusinessLayer.ProjectManagerMapperTest.VerifyTaskMapperOperations" executed="True" result="Success" success="True" time="0.016" asserts="0" />
                      <test-case name="ProjectManager.Tests.BusinessLayer.ProjectManagerMapperTest.VerifyUserMapperOperations" executed="True" result="Success" success="True" time="0.016" asserts="0" />
                    </results>
                  </test-suite>
                  <test-suite type="TestFixture" name="ProjectManagerServiceTests" executed="True" result="Success" success="True" time="2.516" asserts="0">
                    <results>
                      <test-case name="ProjectManager.Tests.BusinessLayer.ProjectManagerServiceTests.When_AddParentTask_Then_VerifyResult" executed="True" result="Success" success="True" time="0.000" asserts="0" />
                      <test-case name="ProjectManager.Tests.BusinessLayer.ProjectManagerServiceTests.When_AddProject_Then_VerifyResult" executed="True" result="Success" success="True" time="0.016" asserts="0" />
                      <test-case name="ProjectManager.Tests.BusinessLayer.ProjectManagerServiceTests.When_AddTask_Then_VerifyResult" executed="True" result="Success" success="True" time="0.000" asserts="0" />
                      <test-case name="ProjectManager.Tests.BusinessLayer.ProjectManagerServiceTests.When_AddUser_Then_VerifyResult" executed="True" result="Success" success="True" time="0.000" asserts="0" />
                      <test-case name="ProjectManager.Tests.BusinessLayer.ProjectManagerServiceTests.When_DeleteProject_Then_VerifyResult" executed="True" result="Success" success="True" time="0.016" asserts="0" />
                      <test-case name="ProjectManager.Tests.BusinessLayer.ProjectManagerServiceTests.When_DeleteTask_Then_VerifyResult" executed="True" result="Success" success="True" time="0.000" asserts="0" />
                      <test-case name="ProjectManager.Tests.BusinessLayer.ProjectManagerServiceTests.When_DeleteUser_Then_VerifyResult" executed="True" result="Success" success="True" time="0.000" asserts="0" />
                      <test-case name="ProjectManager.Tests.BusinessLayer.ProjectManagerServiceTests.When_EndTask_Then_VerifyResult" executed="True" result="Success" success="True" time="0.016" asserts="0" />
                      <test-case name="ProjectManager.Tests.BusinessLayer.ProjectManagerServiceTests.When_GetAllParentTasks_Then_VerifyResult" executed="True" result="Success" success="True" time="0.000" asserts="0" />
                      <test-case name="ProjectManager.Tests.BusinessLayer.ProjectManagerServiceTests.When_GetAllProjects_Then_VerifyResult" executed="True" result="Success" success="True" time="0.016" asserts="0" />
                      <test-case name="ProjectManager.Tests.BusinessLayer.ProjectManagerServiceTests.When_GetAllTasks_Then_VerifyResult" executed="True" result="Success" success="True" time="0.000" asserts="0" />
                      <test-case name="ProjectManager.Tests.BusinessLayer.ProjectManagerServiceTests.When_GetAllUsers_Then_VerifyResult" executed="True" result="Success" success="True" time="0.000" asserts="0" />
                      <test-case name="ProjectManager.Tests.BusinessLayer.ProjectManagerServiceTests.When_GetParentTaskById_Then_VerifyResult" executed="True" result="Success" success="True" time="0.000" asserts="0" />
                      <test-case name="ProjectManager.Tests.BusinessLayer.ProjectManagerServiceTests.When_GetProjectById_Then_VerifyResult" executed="True" result="Success" success="True" time="0.000" asserts="0" />
                      <test-case name="ProjectManager.Tests.BusinessLayer.ProjectManagerServiceTests.When_GetTaskById_Then_VerifyResult" executed="True" result="Success" success="True" time="0.016" asserts="0" />
                      <test-case name="ProjectManager.Tests.BusinessLayer.ProjectManagerServiceTests.When_GetUserById_Then_VerifyResult" executed="True" result="Success" success="True" time="0.000" asserts="0" />
                      <test-case name="ProjectManager.Tests.BusinessLayer.ProjectManagerServiceTests.When_SuspendProject_Then_VerifyResult" executed="True" result="Success" success="True" time="0.000" asserts="0" />
                      <test-case name="ProjectManager.Tests.BusinessLayer.ProjectManagerServiceTests.When_UpdateParentTask_Then_VerifyResult" executed="True" result="Success" success="True" time="0.000" asserts="0" />
                      <test-case name="ProjectManager.Tests.BusinessLayer.ProjectManagerServiceTests.When_UpdateProject_Then_VerifyResult" executed="True" result="Success" success="True" time="0.000" asserts="0" />
                      <test-case name="ProjectManager.Tests.BusinessLayer.ProjectManagerServiceTests.When_UpdateTask_Then_VerifyResult" executed="True" result="Success" success="True" time="0.016" asserts="0" />
                      <test-case name="ProjectManager.Tests.BusinessLayer.ProjectManagerServiceTests.When_UpdateUser_Then_VerifyResult" executed="True" result="Success" success="True" time="0.000" asserts="0" />
                    </results>
                  </test-suite>
                </results>
              </test-suite>
              <test-suite type="Namespace" name="DataLayer" executed="True" result="Success" success="True" time="0.281" asserts="0">
                <results>
                  <test-suite type="TestFixture" name="RepositoryTest" executed="True" result="Success" success="True" time="0.281" asserts="0">
                    <results>
                      <test-case name="ProjectManager.Tests.DataLayer.RepositoryTest.When_DeleteTask_Then_VerifyTaskDeleted" executed="True" result="Success" success="True" time="0.141" asserts="0" />
                      <test-case name="ProjectManager.Tests.DataLayer.RepositoryTest.When_GetAll_VerifyResults" executed="True" result="Success" success="True" time="0.031" asserts="0" />
                      <test-case name="ProjectManager.Tests.DataLayer.RepositoryTest.When_GetById_Then_VerifyTaskDetails" executed="True" result="Success" success="True" time="0.000" asserts="0" />
                      <test-case name="ProjectManager.Tests.DataLayer.RepositoryTest.When_InsertNewTask_Then_VerifyTaskInserted" executed="True" result="Success" success="True" time="0.000" asserts="0" />
                      <test-case name="ProjectManager.Tests.DataLayer.RepositoryTest.When_TaskSearched_Then_VerifyResults" executed="True" result="Success" success="True" time="0.078" asserts="0" />
                    </results>
                  </test-suite>
                </results>
              </test-suite>
              <test-suite type="Namespace" name="PerformanceTests" executed="True" result="Failure" success="False" time="0.000" asserts="0">
                <results>
                  <test-suite type="GenericFixture" name="PerformanceTestSuite&lt;T&gt;" executed="False" result="NotRunnable">
                    <reason>
                      <message><![CDATA[Generic fixture has no type arguments provided]]></message>
                    </reason>
                  </test-suite>
                  <test-suite type="TestFixture" name="ServicePerformanceTests" executed="False" result="Ignored">
                    <reason>
                      <message><![CDATA[]]></message>
                    </reason>
                    <results>
                      <test-suite type="ParameterizedTest" name="PerformanceTest" executed="False" result="Ignored">
                        <reason>
                          <message><![CDATA[]]></message>
                        </reason>
                        <results>
                          <test-case name="ProjectManager.Tests.PerformanceTests.ServicePerformanceTests.PerformanceTestSuite`1.PerformanceTest" executed="False" result="Ignored">
                            <reason>
                              <message><![CDATA[]]></message>
                            </reason>
                          </test-case>
                        </results>
                      </test-suite>
                    </results>
                  </test-suite>
                </results>
              </test-suite>
              <test-suite type="Namespace" name="ServiceLayer" executed="True" result="Success" success="True" time="0.266" asserts="0">
                <results>
                  <test-suite type="TestFixture" name="ProjectManagerControllerTests" executed="True" result="Success" success="True" time="0.266" asserts="0">
                    <results>
                      <test-case name="ProjectManager.Tests.ServiceLayer.ProjectManagerControllerTests.When_AddParentTask_Then_VerifyResults" executed="True" result="Success" success="True" time="0.000" asserts="0" />
                      <test-case name="ProjectManager.Tests.ServiceLayer.ProjectManagerControllerTests.When_AddProject_Then_VerifyResults" executed="True" result="Success" success="True" time="0.000" asserts="0" />
                      <test-case name="ProjectManager.Tests.ServiceLayer.ProjectManagerControllerTests.When_AddTask_Then_VerifyResults" executed="True" result="Success" success="True" time="0.000" asserts="0" />
                      <test-case name="ProjectManager.Tests.ServiceLayer.ProjectManagerControllerTests.When_AddUser_Then_VerifyResults" executed="True" result="Success" success="True" time="0.000" asserts="0" />
                      <test-case name="ProjectManager.Tests.ServiceLayer.ProjectManagerControllerTests.When_DeleteProject_Then_VerifyResults" executed="True" result="Success" success="True" time="0.000" asserts="0" />
                      <test-case name="ProjectManager.Tests.ServiceLayer.ProjectManagerControllerTests.When_DeleteTask_Then_VerifyResults" executed="True" result="Success" success="True" time="0.000" asserts="0" />
                      <test-case name="ProjectManager.Tests.ServiceLayer.ProjectManagerControllerTests.When_DeleteUser_Then_VerifyResults" executed="True" result="Success" success="True" time="0.000" asserts="0" />
                      <test-case name="ProjectManager.Tests.ServiceLayer.ProjectManagerControllerTests.When_EndTask_Then_VerifyResults" executed="True" result="Success" success="True" time="0.000" asserts="0" />
                      <test-case name="ProjectManager.Tests.ServiceLayer.ProjectManagerControllerTests.When_GetAllParentTasks_Then_ShouldReturnAllTasks" executed="True" result="Success" success="True" time="0.016" asserts="0" />
                      <test-case name="ProjectManager.Tests.ServiceLayer.ProjectManagerControllerTests.When_GetAllProjects_Then_ShouldReturnAllProjects" executed="True" result="Success" success="True" time="0.000" asserts="0" />
                      <test-case name="ProjectManager.Tests.ServiceLayer.ProjectManagerControllerTests.When_GetAllTasks_Then_ShouldReturnAllTasks" executed="True" result="Success" success="True" time="0.000" asserts="0" />
                      <test-case name="ProjectManager.Tests.ServiceLayer.ProjectManagerControllerTests.When_GetAllUsers_Then_VerifyResults" executed="True" result="Success" success="True" time="0.016" asserts="0" />
                      <test-case name="ProjectManager.Tests.ServiceLayer.ProjectManagerControllerTests.When_GetParentTaskById_Then_VerifyResults" executed="True" result="Success" success="True" time="0.000" asserts="0" />
                      <test-case name="ProjectManager.Tests.ServiceLayer.ProjectManagerControllerTests.When_GetProjectById_Then_VerifyResults" executed="True" result="Success" success="True" time="0.000" asserts="0" />
                      <test-case name="ProjectManager.Tests.ServiceLayer.ProjectManagerControllerTests.When_GetTaskById_Then_VerifyResults" executed="True" result="Success" success="True" time="0.000" asserts="0" />
                      <test-case name="ProjectManager.Tests.ServiceLayer.ProjectManagerControllerTests.When_GetUserById_Then_VerifyResults" executed="True" result="Success" success="True" time="0.016" asserts="0" />
                      <test-case name="ProjectManager.Tests.ServiceLayer.ProjectManagerControllerTests.When_SuspendProject_Then_VerifyResults" executed="True" result="Success" success="True" time="0.000" asserts="0" />
                      <test-case name="ProjectManager.Tests.ServiceLayer.ProjectManagerControllerTests.When_UpdateParentTask_Then_VerifyResults" executed="True" result="Success" success="True" time="0.000" asserts="0" />
                      <test-case name="ProjectManager.Tests.ServiceLayer.ProjectManagerControllerTests.When_UpdateProject_Then_VerifyResults" executed="True" result="Success" success="True" time="0.000" asserts="0" />
                      <test-case name="ProjectManager.Tests.ServiceLayer.ProjectManagerControllerTests.When_UpdateTask_Then_VerifyResults" executed="True" result="Success" success="True" time="0.000" asserts="0" />
                      <test-case name="ProjectManager.Tests.ServiceLayer.ProjectManagerControllerTests.When_UpdateUser_Then_VerifyResults" executed="True" result="Success" success="True" time="0.000" asserts="0" />
                    </results>
                  </test-suite>
                </results>
              </test-suite>
            </results>
          </test-suite>
        </results>
      </test-suite>
    </results>
  </test-suite>
</test-results>